Arguments: 
  C:\Program Files\nodejs\node.exe C:\Users\swjas\AppData\Roaming\npm\node_modules\yarn\bin\yarn.js add sass

PATH: 
  C:\Program Files (x86)\Razer Chroma SDK\bin;C:\Program Files\Razer Chroma SDK\bin;C:\Program Files (x86)\Razer\ChromaBroadcast\bin;C:\Program Files\Razer\ChromaBroadcast\bin;C:\Program Files (x86)\Common Files\Oracle\Java\javapath;C:\Windows\system32;C:\Windows;C:\Windows\System32\Wbem;C:\Windows\System32\WindowsPowerShell\v1.0\;C:\Windows\System32\OpenSSH\;C:\Program Files\NVIDIA Corporation\NVIDIA NvDLISR;C:\Program Files\PuTTY\;C:\Program Files\Git\cmd;C:\Program Files\MongoDB\Server\4.2\bin;;C:\Program Files (x86)\NVIDIA Corporation\PhysX\Common;C:\Program Files\Git LFS;C:\WINDOWS\system32;C:\WINDOWS;C:\WINDOWS\System32\Wbem;C:\WINDOWS\System32\WindowsPowerShell\v1.0\;C:\WINDOWS\System32\OpenSSH\;C:\Program Files\Docker\Docker\resources\bin;C:\ProgramData\DockerDesktop\version-bin;C:\WINDOWS\system32\config\systemprofile\AppData\Local\Microsoft\WindowsApps;C:\Users\swjas\AppData\Local\Microsoft\WindowsApps;C:\Program Files\Bandizip\;C:\Users\swjas\AppData\Local\Programs\Microsoft VS Code\bin;C:\src\flutter\bin;C:\Users\swjas\AppData\Roaming\npm;C:\Program Files\heroku\bin;C:\Program Files\nodejs\;C:\Program Files\Amazon\AWSCLIV2\;C:\Users\swjas\AppData\Local\Microsoft\WindowsApps;C:\Program Files\Bandizip\;C:\Users\swjas\AppData\Local\Programs\Microsoft VS Code\bin;C:\src\flutter\bin;C:\Program Files\heroku\bin;C:\Users\swjas\AppData\Roaming\npm

Yarn version: 
  1.22.11

Node version: 
  16.6.1

Platform: 
  win32 x64

Trace: 
  Error: EPERM: operation not permitted, unlink 'C:\Users\swjas\Documents\git\recreation-ipad\node_modules\esbuild-windows-64\esbuild.exe'

npm manifest: 
  {
    "name": "recreation-ipad",
    "version": "0.0.0",
    "scripts": {
      "dev": "vite",
      "build": "vite build",
      "serve": "vite preview"
    },
    "dependencies": {
      "@supabase/supabase-js": "^1.28.0",
      "vue": "^3.2.16",
      "vue-router": "^4.0.12",
      "vuex": "^4.0.2"
    },
    "devDependencies": {
      "@vitejs/plugin-vue": "^1.9.3",
      "vite": "^2.6.4"
    }
  }

yarn manifest: 
  No manifest

Lockfile: 
  # THIS IS AN AUTOGENERATED FILE. DO NOT EDIT THIS FILE DIRECTLY.
  # yarn lockfile v1
  
  
  "@babel/parser@^7.15.0":
    "integrity" "sha512-6V0qdPUaiVHH3RtZeLIsc+6pDhbYzHR8ogA8w+f+Wc77DuXto19g2QUwveINoS34Uw+W8/hQDGJCx+i4n7xcng=="
    "resolved" "https://registry.npmjs.org/@babel/parser/-/parser-7.16.4.tgz"
    "version" "7.16.4"
  
  "@supabase/gotrue-js@^1.21.0":
    "integrity" "sha512-3UEM0uSufrwAFMXKfr4SDPsrkHkR0nprUlzkzSK6by1Owab6A3bcVChx3yZn7yWqW/cFY2t5CnqWR9ayaw4Pmw=="
    "resolved" "https://registry.npmjs.org/@supabase/gotrue-js/-/gotrue-js-1.21.6.tgz"
    "version" "1.21.6"
    dependencies:
      "cross-fetch" "^3.0.6"
  
  "@supabase/postgrest-js@^0.35.0":
    "integrity" "sha512-z+XKJ2oXuGEAEBVXseeQUXaM3ekQZK4XF0Kc399Glyg+rZaBTwNeJtY+Q/23NcIE5uNMYbTnEXm80jZbLBnWdw=="
    "resolved" "https://registry.npmjs.org/@supabase/postgrest-js/-/postgrest-js-0.35.0.tgz"
    "version" "0.35.0"
    dependencies:
      "cross-fetch" "^3.0.6"
  
  "@supabase/realtime-js@^1.2.1":
    "integrity" "sha512-neGDYt7hzyEI+/8cofk4GO/es4TE+vOSsBLFveYTmjq8Yl1FfVtL5EHfiPP+xo//35RnzhD75v1jBUEOfMhCtw=="
    "resolved" "https://registry.npmjs.org/@supabase/realtime-js/-/realtime-js-1.3.0.tgz"
    "version" "1.3.0"
    dependencies:
      "@types/websocket" "^1.0.3"
      "websocket" "^1.0.34"
  
  "@supabase/storage-js@^1.5.0":
    "integrity" "sha512-ki2HT9FrCYRN3yoqWqX+u47TUHQ8lgSStAqV/97kMov1z2d+iIlqGBGVcaGDqq4NvK8CipG8IJARYM72oX+afA=="
    "resolved" "https://registry.npmjs.org/@supabase/storage-js/-/storage-js-1.5.0.tgz"
    "version" "1.5.0"
    dependencies:
      "cross-fetch" "^3.1.0"
  
  "@supabase/supabase-js@^1.28.0":
    "integrity" "sha512-dGY8CsS0gYLdQeTW8ueMrR+CC9+LTg/0KuM57ul00FwyqtyJQMNARYePr+IcUF9ML2B6KTNibnKuwSU2BbxnRA=="
    "resolved" "https://registry.npmjs.org/@supabase/supabase-js/-/supabase-js-1.28.0.tgz"
    "version" "1.28.0"
    dependencies:
      "@supabase/gotrue-js" "^1.21.0"
      "@supabase/postgrest-js" "^0.35.0"
      "@supabase/realtime-js" "^1.2.1"
      "@supabase/storage-js" "^1.5.0"
  
  "@types/node@*":
    "integrity" "sha512-MKmdASMf3LtPzwLyRrFjtFFZ48cMf8jmX5VRYrDQiJa8Ybu5VAmkqBWqKU8fdCwD8ysw4mQ9nrEHvzg6gunR7A=="
    "resolved" "https://registry.npmjs.org/@types/node/-/node-16.11.9.tgz"
    "version" "16.11.9"
  
  "@types/websocket@^1.0.3":
    "integrity" "sha512-qn1LkcFEKK8RPp459jkjzsfpbsx36BBt3oC3pITYtkoBw/aVX+EZFa5j3ThCRTNpLFvIMr5dSTD4RaMdilIOpA=="
    "resolved" "https://registry.npmjs.org/@types/websocket/-/websocket-1.0.4.tgz"
    "version" "1.0.4"
    dependencies:
      "@types/node" "*"
  
  "@vitejs/plugin-vue@^1.9.3":
    "integrity" "sha512-0CZqaCoChriPTTtGkERy1LGPcYjGFpi2uYRhBPIkqJqUGV5JnJFhQAgh6oH9j5XZHfrRaisX8W0xSpO4T7S78A=="
    "resolved" "https://registry.npmjs.org/@vitejs/plugin-vue/-/plugin-vue-1.9.4.tgz"
    "version" "1.9.4"
  
  "@vue/compiler-core@3.2.22":
    "integrity" "sha512-uAkovrVeTcjzpiM4ECmVaMrv/bjdgAaLzvjcGqQPBEyUrcqsCgccT9fHJ/+hWVGhyMahmBwLqcn4guULNx7sdw=="
    "resolved" "https://registry.npmjs.org/@vue/compiler-core/-/compiler-core-3.2.22.tgz"
    "version" "3.2.22"
    dependencies:
      "@babel/parser" "^7.15.0"
      "@vue/shared" "3.2.22"
      "estree-walker" "^2.0.2"
      "source-map" "^0.6.1"
  
  "@vue/compiler-dom@3.2.22":
    "integrity" "sha512-VZdsw/VuO1ODs8K7NQwnMQzKITDkIFlYYC03SVnunuf6eNRxBPEonSyqbWNoo6qNaHAEBTG6VVcZC5xC9bAx1g=="
    "resolved" "https://registry.npmjs.org/@vue/compiler-dom/-/compiler-dom-3.2.22.tgz"
    "version" "3.2.22"
    dependencies:
      "@vue/compiler-core" "3.2.22"
      "@vue/shared" "3.2.22"
  
  "@vue/compiler-sfc@3.2.22":
    "integrity" "sha512-tWRQ5ge1tsTDhUwHgueicKJ8rYm6WUVAPTaIpFW3GSwZKcOEJ2rXdfkHFShNVGupeRALz2ET2H84OL0GeRxY0A=="
    "resolved" "https://registry.npmjs.org/@vue/compiler-sfc/-/compiler-sfc-3.2.22.tgz"
    "version" "3.2.22"
    dependencies:
      "@babel/parser" "^7.15.0"
      "@vue/compiler-core" "3.2.22"
      "@vue/compiler-dom" "3.2.22"
      "@vue/compiler-ssr" "3.2.22"
      "@vue/ref-transform" "3.2.22"
      "@vue/shared" "3.2.22"
      "estree-walker" "^2.0.2"
      "magic-string" "^0.25.7"
      "postcss" "^8.1.10"
      "source-map" "^0.6.1"
  
  "@vue/compiler-ssr@3.2.22":
    "integrity" "sha512-Cl6aoLJtXzzBkk1sKod8S0WBJLts3+ugVC91d22gGpbkw/64WnF12tOZi7Rg54PPLi1NovqyNWPsLH/SAFcu+w=="
    "resolved" "https://registry.npmjs.org/@vue/compiler-ssr/-/compiler-ssr-3.2.22.tgz"
    "version" "3.2.22"
    dependencies:
      "@vue/compiler-dom" "3.2.22"
      "@vue/shared" "3.2.22"
  
  "@vue/devtools-api@^6.0.0-beta.11", "@vue/devtools-api@^6.0.0-beta.18":
    "integrity" "sha512-R2rfiRY+kZugzWh9ZyITaovx+jpU4vgivAEAiz80kvh3yviiTU3CBuGuyWpSwGz9/C7TkSWVM/FtQRGlZ16n8Q=="
    "resolved" "https://registry.npmjs.org/@vue/devtools-api/-/devtools-api-6.0.0-beta.20.1.tgz"
    "version" "6.0.0-beta.20.1"
  
  "@vue/reactivity@3.2.22":
    "integrity" "sha512-xNkLAItjI0xB+lFeDgKCrSItmrHTaAzSnt8LmdSCPQnDyarmzbi/u4ESQnckWvlL7lSRKiEaOvblaNyqAa7OnQ=="
    "resolved" "https://registry.npmjs.org/@vue/reactivity/-/reactivity-3.2.22.tgz"
    "version" "3.2.22"
    dependencies:
      "@vue/shared" "3.2.22"
  
  "@vue/ref-transform@3.2.22":
    "integrity" "sha512-qalVWbq5xWWxLZ0L9OroBg/JZhzavQuCcDXblfErxyDEH6Xc5gIJ4feo1SVCICFzhAUgLgQTdSFLpgjBawbFpw=="
    "resolved" "https://registry.npmjs.org/@vue/ref-transform/-/ref-transform-3.2.22.tgz"
    "version" "3.2.22"
    dependencies:
      "@babel/parser" "^7.15.0"
      "@vue/compiler-core" "3.2.22"
      "@vue/shared" "3.2.22"
      "estree-walker" "^2.0.2"
      "magic-string" "^0.25.7"
  
  "@vue/runtime-core@3.2.22":
    "integrity" "sha512-e7WOC55wmHPvmoVUk9VBe/Z9k5bJfWJfVIlkUkiADJn0bOgQD29oh/GS14Kb3aEJXIHLI17Em6+HxNut1sIh7Q=="
    "resolved" "https://registry.npmjs.org/@vue/runtime-core/-/runtime-core-3.2.22.tgz"
    "version" "3.2.22"
    dependencies:
      "@vue/reactivity" "3.2.22"
      "@vue/shared" "3.2.22"
  
  "@vue/runtime-dom@3.2.22":
    "integrity" "sha512-w7VHYJoliLRTLc5beN77wxuOjla4v9wr2FF22xpZFYBmH4U1V7HkYhoHc1BTuNghI15CXT1tNIMhibI1nrQgdw=="
    "resolved" "https://registry.npmjs.org/@vue/runtime-dom/-/runtime-dom-3.2.22.tgz"
    "version" "3.2.22"
    dependencies:
      "@vue/runtime-core" "3.2.22"
      "@vue/shared" "3.2.22"
      "csstype" "^2.6.8"
  
  "@vue/server-renderer@3.2.22":
    "integrity" "sha512-jCwbQgKPXiXoH9VS9F7K+gyEvEMrjutannwEZD1R8fQ9szmOTqC+RRbIY3Uf2ibQjZtZ8DV9a4FjxICvd9zZlQ=="
    "resolved" "https://registry.npmjs.org/@vue/server-renderer/-/server-renderer-3.2.22.tgz"
    "version" "3.2.22"
    dependencies:
      "@vue/compiler-ssr" "3.2.22"
      "@vue/shared" "3.2.22"
  
  "@vue/shared@3.2.22":
    "integrity" "sha512-qWVav014mpjEtbWbEgl0q9pEyrrIySKum8UVYjwhC6njrKzknLZPvfuYdQyVbApsqr94tf/3dP4pCuZmmjdCWQ=="
    "resolved" "https://registry.npmjs.org/@vue/shared/-/shared-3.2.22.tgz"
    "version" "3.2.22"
  
  "bufferutil@^4.0.1":
    "integrity" "sha512-HTm14iMQKK2FjFLRTM5lAVcyaUzOnqbPtesFIvREgXpJHdQm8bWS+GkQgIkfaBYRHuCnea7w8UVNfwiAQhlr9A=="
    "resolved" "https://registry.npmjs.org/bufferutil/-/bufferutil-4.0.5.tgz"
    "version" "4.0.5"
    dependencies:
      "node-gyp-build" "^4.3.0"
  
  "cross-fetch@^3.0.6", "cross-fetch@^3.1.0":
    "integrity" "sha512-1eAtFWdIubi6T4XPy6ei9iUFoKpUkIF971QLN8lIvvvwueI65+Nw5haMNKUwfJxabqlIIDODJKGrQ66gxC0PbQ=="
    "resolved" "https://registry.npmjs.org/cross-fetch/-/cross-fetch-3.1.4.tgz"
    "version" "3.1.4"
    dependencies:
      "node-fetch" "2.6.1"
  
  "csstype@^2.6.8":
    "integrity" "sha512-ZVxXaNy28/k3kJg0Fou5MiYpp88j7H9hLZp8PDC3jV0WFjfH5E9xHb56L0W59cPbKbcHXeP4qyT8PrHp8t6LcQ=="
    "resolved" "https://registry.npmjs.org/csstype/-/csstype-2.6.19.tgz"
    "version" "2.6.19"
  
  "d@^1.0.1", "d@1":
    "integrity" "sha512-m62ShEObQ39CfralilEQRjH6oAMtNCV1xJyEx5LpRYUVN+EviphDgUc/F3hnYbADmkiNs67Y+3ylmlG7Lnu+FA=="
    "resolved" "https://registry.npmjs.org/d/-/d-1.0.1.tgz"
    "version" "1.0.1"
    dependencies:
      "es5-ext" "^0.10.50"
      "type" "^1.0.1"
  
  "debug@^2.2.0":
    "integrity" "sha512-bC7ElrdJaJnPbAP+1EotYvqZsb3ecl5wi6Bfi6BJTUcNowp6cvspg0jXznRTKDjm/E7AdgFBVeAPVMNcKGsHMA=="
    "resolved" "https://registry.npmjs.org/debug/-/debug-2.6.9.tgz"
    "version" "2.6.9"
    dependencies:
      "ms" "2.0.0"
  
  "es5-ext@^0.10.35", "es5-ext@^0.10.50":
    "integrity" "sha512-Xs2Stw6NiNHWypzRTY1MtaG/uJlwCk8kH81920ma8mvN8Xq1gsfhZvpkImLQArw8AHnv8MT2I45J3c0R8slE+Q=="
    "resolved" "https://registry.npmjs.org/es5-ext/-/es5-ext-0.10.53.tgz"
    "version" "0.10.53"
    dependencies:
      "es6-iterator" "~2.0.3"
      "es6-symbol" "~3.1.3"
      "next-tick" "~1.0.0"
  
  "es6-iterator@~2.0.3":
    "integrity" "sha1-p96IkUGgWpSwhUQDstCg+/qY87c="
    "resolved" "https://registry.npmjs.org/es6-iterator/-/es6-iterator-2.0.3.tgz"
    "version" "2.0.3"
    dependencies:
      "d" "1"
      "es5-ext" "^0.10.35"
      "es6-symbol" "^3.1.1"
  
  "es6-symbol@^3.1.1", "es6-symbol@~3.1.3":
    "integrity" "sha512-NJ6Yn3FuDinBaBRWl/q5X/s4koRHBrgKAu+yGI6JCBeiu3qrcbJhwT2GeR/EXVfylRk8dpQVJoLEFhK+Mu31NA=="
    "resolved" "https://registry.npmjs.org/es6-symbol/-/es6-symbol-3.1.3.tgz"
    "version" "3.1.3"
    dependencies:
      "d" "^1.0.1"
      "ext" "^1.1.2"
  
  "esbuild-windows-64@0.13.14":
    "integrity" "sha512-Lsgqah24bT7ClHjLp/Pj3A9wxjhIAJyWQcrOV4jqXAFikmrp2CspA8IkJgw7HFjx6QrJuhpcKVbCAe/xw0i2yw=="
    "resolved" "https://registry.npmjs.org/esbuild-windows-64/-/esbuild-windows-64-0.13.14.tgz"
    "version" "0.13.14"
  
  "esbuild@^0.13.2":
    "integrity" "sha512-xu4D+1ji9x53ocuomcY+KOrwAnWzhBu/wTEjpdgZ8I1c8i5vboYIeigMdzgY1UowYBKa2vZgVgUB32bu7gkxeg=="
    "resolved" "https://registry.npmjs.org/esbuild/-/esbuild-0.13.14.tgz"
    "version" "0.13.14"
    optionalDependencies:
      "esbuild-android-arm64" "0.13.14"
      "esbuild-darwin-64" "0.13.14"
      "esbuild-darwin-arm64" "0.13.14"
      "esbuild-freebsd-64" "0.13.14"
      "esbuild-freebsd-arm64" "0.13.14"
      "esbuild-linux-32" "0.13.14"
      "esbuild-linux-64" "0.13.14"
      "esbuild-linux-arm" "0.13.14"
      "esbuild-linux-arm64" "0.13.14"
      "esbuild-linux-mips64le" "0.13.14"
      "esbuild-linux-ppc64le" "0.13.14"
      "esbuild-netbsd-64" "0.13.14"
      "esbuild-openbsd-64" "0.13.14"
      "esbuild-sunos-64" "0.13.14"
      "esbuild-windows-32" "0.13.14"
      "esbuild-windows-64" "0.13.14"
      "esbuild-windows-arm64" "0.13.14"
  
  "estree-walker@^2.0.2":
    "integrity" "sha512-Rfkk/Mp/DL7JVje3u18FxFujQlTNR2q6QfMSMB7AvCBx91NGj/ba3kCfza0f6dVDbw7YlRf/nDrn7pQrCCyQ/w=="
    "resolved" "https://registry.npmjs.org/estree-walker/-/estree-walker-2.0.2.tgz"
    "version" "2.0.2"
  
  "ext@^1.1.2":
    "integrity" "sha512-sdBImtzkq2HpkdRLtlLWDa6w4DX22ijZLKx8BMPUuKe1c5lbN6xwQDQCxSfxBQnHZ13ls/FH0MQZx/q/gr6FQg=="
    "resolved" "https://registry.npmjs.org/ext/-/ext-1.6.0.tgz"
    "version" "1.6.0"
    dependencies:
      "type" "^2.5.0"
  
  "function-bind@^1.1.1":
    "integrity" "sha512-yIovAzMX49sF8Yl58fSCWJ5svSLuaibPxXQJFLmBObTuCr0Mf1KiPopGM9NiFjiYBCbfaa2Fh6breQ6ANVTI0A=="
    "resolved" "https://registry.npmjs.org/function-bind/-/function-bind-1.1.1.tgz"
    "version" "1.1.1"
  
  "has@^1.0.3":
    "integrity" "sha512-f2dvO0VU6Oej7RkWJGrehjbzMAjFp5/VKPp5tTpWIV4JHHZK1/BxbFRtf/siA2SWTe09caDmVtYYzWEIbBS4zw=="
    "resolved" "https://registry.npmjs.org/has/-/has-1.0.3.tgz"
    "version" "1.0.3"
    dependencies:
      "function-bind" "^1.1.1"
  
  "is-core-module@^2.2.0":
    "integrity" "sha512-vd15qHsaqrRL7dtH6QNuy0ndJmRDrS9HAM1CAiSifNUFv4x1a0CCVsj18hJ1mShxIG6T2i1sO78MkP56r0nYRw=="
    "resolved" "https://registry.npmjs.org/is-core-module/-/is-core-module-2.8.0.tgz"
    "version" "2.8.0"
    dependencies:
      "has" "^1.0.3"
  
  "is-typedarray@^1.0.0":
    "integrity" "sha1-5HnICFjfDBsR3dppQPlgEfzaSpo="
    "resolved" "https://registry.npmjs.org/is-typedarray/-/is-typedarray-1.0.0.tgz"
    "version" "1.0.0"
  
  "magic-string@^0.25.7":
    "integrity" "sha512-4CrMT5DOHTDk4HYDlzmwu4FVCcIYI8gauveasrdCu2IKIFOJ3f0v/8MDGJCDL9oD2ppz/Av1b0Nj345H9M+XIA=="
    "resolved" "https://registry.npmjs.org/magic-string/-/magic-string-0.25.7.tgz"
    "version" "0.25.7"
    dependencies:
      "sourcemap-codec" "^1.4.4"
  
  "ms@2.0.0":
    "integrity" "sha1-VgiurfwAvmwpAd9fmGF4jeDVl8g="
    "resolved" "https://registry.npmjs.org/ms/-/ms-2.0.0.tgz"
    "version" "2.0.0"
  
  "nanoid@^3.1.30":
    "integrity" "sha512-zJpuPDwOv8D2zq2WRoMe1HsfZthVewpel9CAvTfc/2mBD1uUT/agc5f7GHGWXlYkFvi1mVxe4IjvP2HNrop7nQ=="
    "resolved" "https://registry.npmjs.org/nanoid/-/nanoid-3.1.30.tgz"
    "version" "3.1.30"
  
  "next-tick@~1.0.0":
    "integrity" "sha1-yobR/ogoFpsBICCOPchCS524NCw="
    "resolved" "https://registry.npmjs.org/next-tick/-/next-tick-1.0.0.tgz"
    "version" "1.0.0"
  
  "node-fetch@2.6.1":
    "integrity" "sha512-V4aYg89jEoVRxRb2fJdAg8FHvI7cEyYdVAh94HH0UIK8oJxUfkjlDQN9RbMx+bEjP7+ggMiFRprSti032Oipxw=="
    "resolved" "https://registry.npmjs.org/node-fetch/-/node-fetch-2.6.1.tgz"
    "version" "2.6.1"
  
  "node-gyp-build@^4.3.0":
    "integrity" "sha512-iWjXZvmboq0ja1pUGULQBexmxq8CV4xBhX7VDOTbL7ZR4FOowwY/VOtRxBN/yKxmdGoIp4j5ysNT4u3S2pDQ3Q=="
    "resolved" "https://registry.npmjs.org/node-gyp-build/-/node-gyp-build-4.3.0.tgz"
    "version" "4.3.0"
  
  "path-parse@^1.0.6":
    "integrity" "sha512-LDJzPVEEEPR+y48z93A0Ed0yXb8pAByGWo/k5YYdYgpY2/2EsOsksJrq7lOHxryrVOn1ejG6oAp8ahvOIQD8sw=="
    "resolved" "https://registry.npmjs.org/path-parse/-/path-parse-1.0.7.tgz"
    "version" "1.0.7"
  
  "picocolors@^1.0.0":
    "integrity" "sha512-1fygroTLlHu66zi26VoTDv8yRgm0Fccecssto+MhsZ0D/DGW2sm8E8AjW7NU5VVTRt5GxbeZ5qBuJr+HyLYkjQ=="
    "resolved" "https://registry.npmjs.org/picocolors/-/picocolors-1.0.0.tgz"
    "version" "1.0.0"
  
  "postcss@^8.1.10", "postcss@^8.3.8":
    "integrity" "sha512-hCmlUAIlUiav8Xdqw3Io4LcpA1DOt7h3LSTAC4G6JGHFFaWzI6qvFt9oilvl8BmkbBRX1IhM90ZAmpk68zccQA=="
    "resolved" "https://registry.npmjs.org/postcss/-/postcss-8.3.11.tgz"
    "version" "8.3.11"
    dependencies:
      "nanoid" "^3.1.30"
      "picocolors" "^1.0.0"
      "source-map-js" "^0.6.2"
  
  "resolve@^1.20.0":
    "integrity" "sha512-wENBPt4ySzg4ybFQW2TT1zMQucPK95HSh/nq2CFTZVOGut2+pQvSsgtda4d26YrYcr067wjbmzOG8byDPBX63A=="
    "resolved" "https://registry.npmjs.org/resolve/-/resolve-1.20.0.tgz"
    "version" "1.20.0"
    dependencies:
      "is-core-module" "^2.2.0"
      "path-parse" "^1.0.6"
  
  "rollup@^2.57.0":
    "integrity" "sha512-cHdv9GWd58v58rdseC8e8XIaPUo8a9cgZpnCMMDGZFDZKEODOiPPEQFXLriWr/TjXzhPPmG5bkAztPsOARIcGQ=="
    "resolved" "https://registry.npmjs.org/rollup/-/rollup-2.60.0.tgz"
    "version" "2.60.0"
    optionalDependencies:
      "fsevents" "~2.3.2"
  
  "source-map-js@^0.6.2":
    "integrity" "sha512-/3GptzWzu0+0MBQFrDKzw/DvvMTUORvgY6k6jd/VS6iCR4RDTKWH6v6WPwQoUO8667uQEf9Oe38DxAYWY5F/Ug=="
    "resolved" "https://registry.npmjs.org/source-map-js/-/source-map-js-0.6.2.tgz"
    "version" "0.6.2"
  
  "source-map@^0.6.1":
    "integrity" "sha512-UjgapumWlbMhkBgzT7Ykc5YXUT46F0iKu8SGXq0bcwP5dz/h0Plj6enJqjz1Zbq2l5WaqYnrVbwWOWMyF3F47g=="
    "resolved" "https://registry.npmjs.org/source-map/-/source-map-0.6.1.tgz"
    "version" "0.6.1"
  
  "sourcemap-codec@^1.4.4":
    "integrity" "sha512-9NykojV5Uih4lgo5So5dtw+f0JgJX30KCNI8gwhz2J9A15wD0Ml6tjHKwf6fTSa6fAdVBdZeNOs9eJ71qCk8vA=="
    "resolved" "https://registry.npmjs.org/sourcemap-codec/-/sourcemap-codec-1.4.8.tgz"
    "version" "1.4.8"
  
  "type@^1.0.1":
    "integrity" "sha512-+5nt5AAniqsCnu2cEQQdpzCAh33kVx8n0VoFidKpB1dVVLAN/F+bgVOqOJqOnEnrhp222clB5p3vUlD+1QAnfg=="
    "resolved" "https://registry.npmjs.org/type/-/type-1.2.0.tgz"
    "version" "1.2.0"
  
  "type@^2.5.0":
    "integrity" "sha512-180WMDQaIMm3+7hGXWf12GtdniDEy7nYcyFMKJn/eZz/6tSLXrUN9V0wKSbMjej0I1WHWbpREDEKHtqPQa9NNw=="
    "resolved" "https://registry.npmjs.org/type/-/type-2.5.0.tgz"
    "version" "2.5.0"
  
  "typedarray-to-buffer@^3.1.5":
    "integrity" "sha512-zdu8XMNEDepKKR+XYOXAVPtWui0ly0NtohUscw+UmaHiAWT8hrV1rr//H6V+0DvJ3OQ19S979M0laLfX8rm82Q=="
    "resolved" "https://registry.npmjs.org/typedarray-to-buffer/-/typedarray-to-buffer-3.1.5.tgz"
    "version" "3.1.5"
    dependencies:
      "is-typedarray" "^1.0.0"
  
  "utf-8-validate@^5.0.2":
    "integrity" "sha512-vLt1O5Pp+flcArHGIyKEQq883nBt8nN8tVBcoL0qUXj2XT1n7p70yGIq2VK98I5FdZ1YHc0wk/koOnHjnXWk1Q=="
    "resolved" "https://registry.npmjs.org/utf-8-validate/-/utf-8-validate-5.0.7.tgz"
    "version" "5.0.7"
    dependencies:
      "node-gyp-build" "^4.3.0"
  
  "vite@^2.5.10", "vite@^2.6.4":
    "integrity" "sha512-2HA9xGyi+EhY2MXo0+A2dRsqsAG3eFNEVIo12olkWhOmc8LfiM+eMdrXf+Ruje9gdXgvSqjLI9freec1RUM5EA=="
    "resolved" "https://registry.npmjs.org/vite/-/vite-2.6.14.tgz"
    "version" "2.6.14"
    dependencies:
      "esbuild" "^0.13.2"
      "postcss" "^8.3.8"
      "resolve" "^1.20.0"
      "rollup" "^2.57.0"
    optionalDependencies:
      "fsevents" "~2.3.2"
  
  "vue-router@^4.0.12":
    "integrity" "sha512-CPXvfqe+mZLB1kBWssssTiWg4EQERyqJZes7USiqfW9B5N2x+nHlnsM1D3b5CaJ6qgCvMmYJnz+G0iWjNCvXrg=="
    "resolved" "https://registry.npmjs.org/vue-router/-/vue-router-4.0.12.tgz"
    "version" "4.0.12"
    dependencies:
      "@vue/devtools-api" "^6.0.0-beta.18"
  
  "vue@^3.0.0", "vue@^3.0.2", "vue@^3.2.16", "vue@3.2.22":
    "integrity" "sha512-KD5nZpXVZquOC6926Xnp3zOvswrUyO9Rya7ZUoxWFQEjFDW4iACtwzubRB4Um2Om9kj6CaJOqAVRDSFlqLpdgw=="
    "resolved" "https://registry.npmjs.org/vue/-/vue-3.2.22.tgz"
    "version" "3.2.22"
    dependencies:
      "@vue/compiler-dom" "3.2.22"
      "@vue/compiler-sfc" "3.2.22"
      "@vue/runtime-dom" "3.2.22"
      "@vue/server-renderer" "3.2.22"
      "@vue/shared" "3.2.22"
  
  "vuex@^4.0.2":
    "integrity" "sha512-M6r8uxELjZIK8kTKDGgZTYX/ahzblnzC4isU1tpmEuOIIKmV+TRdc+H4s8ds2NuZ7wpUTdGRzJRtoj+lI+pc0Q=="
    "resolved" "https://registry.npmjs.org/vuex/-/vuex-4.0.2.tgz"
    "version" "4.0.2"
    dependencies:
      "@vue/devtools-api" "^6.0.0-beta.11"
  
  "websocket@^1.0.34":
    "integrity" "sha512-PRDso2sGwF6kM75QykIesBijKSVceR6jL2G8NGYyq2XrItNC2P5/qL5XeR056GhA+Ly7JMFvJb9I312mJfmqnQ=="
    "resolved" "https://registry.npmjs.org/websocket/-/websocket-1.0.34.tgz"
    "version" "1.0.34"
    dependencies:
      "bufferutil" "^4.0.1"
      "debug" "^2.2.0"
      "es5-ext" "^0.10.50"
      "typedarray-to-buffer" "^3.1.5"
      "utf-8-validate" "^5.0.2"
      "yaeti" "^0.0.6"
  
  "yaeti@^0.0.6":
    "integrity" "sha1-8m9ITXJoTPQr7ft2lwqhYI+/lXc="
    "resolved" "https://registry.npmjs.org/yaeti/-/yaeti-0.0.6.tgz"
    "version" "0.0.6"
